[3772:17700:0226/010848:INFO:AppRunner.cpp(611)] Begin run process geeplayer, -runfrom openimage "D:\hexo\themes\Sakura\source\images\favicon.ico", mainplugin is mainPlugin
[3772:17700:0226/010848:INFO:AppRunner.cpp(617)] ProductName is GeePlayer1
[3772:17700:0226/010848:INFO:ChannelManager.cpp(1219)] create connection thread
[3772:17700:0226/010848:INFO:AppRunner.cpp(661)] apppluginbase version is 5.1.3.13
[3772:17700:0226/010848:INFO:UIlib.cpp(192)] quilib: version is 5.1.3.9
[3772:17700:0226/010848:INFO:serviceManager.cpp(508)] mainprocessisrunning key is set as 1
[3772:17700:0226/010848:INFO:serviceManager.cpp(629)] create local service plugin PluginServerStatePlugin
[3772:17700:0226/010848:INFO:serviceManager.cpp(687)] plugin PluginServerStatePlugin DoPluginInit
[3772:17700:0226/010848:INFO:serviceManager.cpp(1272)] repository parse over
[3772:17700:0226/010850:INFO:UIManager.cpp(383)] quilib:call set resouce path, path is c:\program files (x86)\iqiyi video\geeplayer\3.0.40.3591\skin
[3772:17700:0226/010850:INFO:UIMarkup.cpp(395)] quilib:Open Resource failed, Path is c:\program files (x86)\iqiyi video\geeplayer\3.0.40.3591\skin\StyleTable.xml, last error is2
[3772:17700:0226/010850:INFO:UIDlgBuilder.cpp(512)] quilib:create root control failed
[3772:17700:0226/010850:INFO:UIDlgBuilder.cpp(512)] quilib:create root control failed
[3772:17700:0226/010850:INFO:UIDlgBuilder.cpp(512)] quilib:create root control failed
[3772:17700:0226/010850:INFO:UIDlgBuilder.cpp(512)] quilib:create root control failed
[3772:17700:0226/010850:INFO:UIDlgBuilder.cpp(512)] quilib:create root control failed
[3772:17700:0226/010850:INFO:UIDlgBuilder.cpp(512)] quilib:create root control failed
[3772:17700:0226/010852:INFO:AppRunner.cpp(720)] loop exit geeplayer call main plugin DestoryPluginEntry
[3772:17700:0226/010852:INFO:PluginDevelopAssistant.cpp(115)] real plugin mainPlugin call DestroyPlugin
[3772:17700:0226/010852:INFO:IPlugin.cpp(31)] destruct plugin mainPlugin
[3772:17700:0226/010852:INFO:serviceManager.cpp(1353)] mainPlugin plugin had destroy by DestructPlugin
[3772:17700:0226/010852:INFO:serviceManager.cpp(1906)] DestructManager begin
[3772:17700:0226/010852:INFO:IPlugin.cpp(31)] destruct plugin PluginServerStatePlugin
[3772:17700:0226/010852:INFO:PluginDevelopAssistant.cpp(295)] real plugin PluginServerStatePlugin call DestroyPlugin
[3772:17700:0226/010852:INFO:serviceManager.cpp(1353)] PluginServerStatePlugin plugin had destroy by DestructPlugin
[3772:17700:0226/010852:INFO:serviceManager.cpp(1759)] DeleteLeftPlugins begin
[3772:17700:0226/010852:INFO:serviceManager.cpp(1822)] DeleteLeftPlugins end
[3772:17700:0226/010852:INFO:serviceManager.cpp(508)] mainprocessisrunning key is set as 0
[3772:17700:0226/010852:INFO:AppRunner.cpp(735)] close mutex of process geeplayer
[3772:17700:0226/010852:INFO:AppRunner.cpp(743)] run process geeplayer end
